#-----------------------------------------------------------
# Vivado v2017.3 (64-bit)
# SW Build 2018833 on Wed Oct  4 19:58:07 MDT 2017
# IP Build 2016188 on Wed Oct  4 21:52:56 MDT 2017
# Start of session at: Fri Sep 14 23:38:21 2018
# Process ID: 26543
# Current directory: /home/local/eda04/wuxili/common/NeuralNetwork-FPGA/dnnweaver.public/fpga/designs/lenet_pu1_pe8
# Command line: vivado ./impl-output/post_route.dcp
# Log file: /home/local/eda04/wuxili/common/NeuralNetwork-FPGA/dnnweaver.public/fpga/designs/lenet_pu1_pe8/vivado.log
# Journal file: /home/local/eda04/wuxili/common/NeuralNetwork-FPGA/dnnweaver.public/fpga/designs/lenet_pu1_pe8/vivado.jou
#-----------------------------------------------------------
start_gui
open_checkpoint ./impl-output/post_route.dcp
Command: open_checkpoint ./impl-output/post_route.dcp

Starting open_checkpoint Task

Time (s): cpu = 00:00:00.09 ; elapsed = 00:00:00.15 . Memory (MB): peak = 6140.730 ; gain = 5.004 ; free physical = 12160 ; free virtual = 59098
INFO: [IP_Flow 19-234] Refreshing IP repositories
INFO: [IP_Flow 19-1704] No user IP repositories specified
INFO: [IP_Flow 19-2313] Loaded Vivado IP repository '/usr/local/packages/Xilinx/Vivado/2017.3/data/ip'.
INFO: [Netlist 29-17] Analyzing 182 Unisim elements for replacement
INFO: [Netlist 29-28] Unisim Transformation completed in 0 CPU seconds
INFO: [Project 1-479] Netlist was created with Vivado 2017.3
INFO: [Device 21-403] Loading part xcvu095-ffvc1517-3-e
INFO: [Project 1-570] Preparing netlist for logic optimization
Parsing XDC File [/home/local/eda04/wuxili/common/NeuralNetwork-FPGA/dnnweaver.public/fpga/designs/lenet_pu1_pe8/.Xil/Vivado-26543-eda04/dcp3/dnn_accelerator_top.xdc]
Finished Parsing XDC File [/home/local/eda04/wuxili/common/NeuralNetwork-FPGA/dnnweaver.public/fpga/designs/lenet_pu1_pe8/.Xil/Vivado-26543-eda04/dcp3/dnn_accelerator_top.xdc]
Reading XDEF placement.
Reading placer database...
Reading XDEF routing.
Read XDEF File: Time (s): cpu = 00:00:00.50 ; elapsed = 00:00:00.50 . Memory (MB): peak = 6802.355 ; gain = 9.000 ; free physical = 11490 ; free virtual = 58443
Restored from archive | CPU: 0.520000 secs | Memory: 10.455437 MB |
Finished XDEF File Restore: Time (s): cpu = 00:00:00.51 ; elapsed = 00:00:00.51 . Memory (MB): peak = 6802.355 ; gain = 9.000 ; free physical = 11490 ; free virtual = 58443
INFO: [Project 1-111] Unisim Transformation Summary:
  A total of 20 instances were transformed.
  DSP48E2 => DSP48E2 (DSP_ALU, DSP_A_B_DATA, DSP_C_DATA, DSP_MULTIPLIER, DSP_M_DATA, DSP_OUTPUT, DSP_PREADD_DATA, DSP_PREADD): 8 instances
  IBUF => IBUF (IBUFCTRL, INBUF): 3 instances
  RAM32M16 => RAM32M16 (RAMD32, RAMD32, RAMD32, RAMD32, RAMD32, RAMD32, RAMD32, RAMD32, RAMD32, RAMD32, RAMD32, RAMD32, RAMD32, RAMD32, RAMS32, RAMS32): 9 instances

INFO: [Project 1-604] Checkpoint was created with Vivado v2017.3 (64-bit) build 2018833
open_checkpoint: Time (s): cpu = 00:00:42 ; elapsed = 00:00:30 . Memory (MB): peak = 7194.164 ; gain = 1061.133 ; free physical = 11242 ; free virtual = 58184
exit
INFO: [Common 17-206] Exiting Vivado at Fri Sep 14 23:41:07 2018...
